13:44:46.608  WARN 21996 --- [main] .s.s.UserDetailsServiceAutoConfiguration : 

Using generated security password: 5ec415a0-bd24-4501-87eb-c6032ee79406

This generated password is for development use only. Your security configuration must be updated before running your application in production.

13:47:12.920  INFO 3388 --- [main] c.d.m.MsvArchetypeApplication            : Starting MsvArchetypeApplication using Java 11.0.12 on CPX-ZE7F7ZBV6VV with PID 3388 (C:\Users\daniele.nanfro\Documents\myRepo\cloudnative\msv-archetype\target\classes started by daniele.nanfro in C:\Users\daniele.nanfro\Documents\myRepo\cloudnative\msv-archetype)
13:47:12.929  INFO 3388 --- [main] c.d.m.MsvArchetypeApplication            : No active profile set, falling back to 1 default profile: "default"
13:47:14.311  INFO 3388 --- [main] o.s.cloud.context.scope.GenericScope     : BeanFactory id=2f326c07-adf7-3f39-b186-def0d4b4bf51
13:47:14.719  INFO 3388 --- [main] o.s.b.w.embedded.tomcat.TomcatWebServer  : Tomcat initialized with port(s): 8004 (http)
13:47:14.730  INFO 3388 --- [main] o.apache.catalina.core.StandardService   : Starting service [Tomcat]
13:47:14.730  INFO 3388 --- [main] org.apache.catalina.core.StandardEngine  : Starting Servlet engine: [Apache Tomcat/9.0.64]
13:47:14.906  INFO 3388 --- [main] o.a.c.c.C.[Tomcat].[localhost].[/]       : Initializing Spring embedded WebApplicationContext
13:47:14.906  INFO 3388 --- [main] w.s.c.ServletWebServerApplicationContext : Root WebApplicationContext: initialization completed in 1894 ms
13:47:15.341  WARN 3388 --- [main] .s.s.UserDetailsServiceAutoConfiguration : 

Using generated security password: a833f98e-6e1b-4ad6-808b-e25e46257551

This generated password is for development use only. Your security configuration must be updated before running your application in production.

13:47:15.468  INFO 3388 --- [main] o.s.s.web.DefaultSecurityFilterChain     : Will secure any request with [org.springframework.security.web.session.DisableEncodeUrlFilter@96897c8, org.springframework.security.web.context.request.async.WebAsyncManagerIntegrationFilter@7f97bc14, org.springframework.security.web.context.SecurityContextPersistenceFilter@4e80a001, org.springframework.security.web.header.HeaderWriterFilter@4e140497, org.springframework.security.web.csrf.CsrfFilter@477021ee, org.springframework.security.web.authentication.logout.LogoutFilter@149c39b, org.springframework.security.web.authentication.UsernamePasswordAuthenticationFilter@5e7abaf7, org.springframework.security.web.authentication.ui.DefaultLoginPageGeneratingFilter@52bd9a27, org.springframework.security.web.authentication.ui.DefaultLogoutPageGeneratingFilter@22d8f4ed, org.springframework.security.web.authentication.www.BasicAuthenticationFilter@67d4c48d, org.springframework.security.web.savedrequest.RequestCacheAwareFilter@50b46e24, org.springframework.security.web.servletapi.SecurityContextHolderAwareRequestFilter@1c30cb85, org.springframework.security.web.authentication.AnonymousAuthenticationFilter@3434a4f0, org.springframework.security.web.session.SessionManagementFilter@2b6c7012, org.springframework.security.web.access.ExceptionTranslationFilter@40bf4386, org.springframework.security.web.access.intercept.FilterSecurityInterceptor@236ae13d]
13:47:16.369  INFO 3388 --- [main] o.s.b.w.embedded.tomcat.TomcatWebServer  : Tomcat started on port(s): 8004 (http) with context path ''
13:47:17.106  INFO 3388 --- [main] c.d.m.MsvArchetypeApplication            : Started MsvArchetypeApplication in 5.988 seconds (JVM running for 7.79)
13:47:22.952  INFO 3388 --- [RMI TCP Connection(2)-127.0.0.1] inMXBeanRegistrar$SpringApplicationAdmin : Application shutdown requested.
13:51:56.511  INFO 10332 --- [main] c.d.m.MsvArchetypeApplication            : Starting MsvArchetypeApplication using Java 11.0.12 on CPX-ZE7F7ZBV6VV with PID 10332 (C:\Users\daniele.nanfro\Documents\myRepo\cloudnative\msv-archetype\target\classes started by daniele.nanfro in C:\Users\daniele.nanfro\Documents\myRepo\cloudnative\msv-archetype)
13:51:56.516  INFO 10332 --- [main] c.d.m.MsvArchetypeApplication            : No active profile set, falling back to 1 default profile: "default"
13:51:57.620  INFO 10332 --- [main] o.s.cloud.context.scope.GenericScope     : BeanFactory id=2f326c07-adf7-3f39-b186-def0d4b4bf51
13:51:57.998  INFO 10332 --- [main] o.s.b.w.embedded.tomcat.TomcatWebServer  : Tomcat initialized with port(s): 8004 (http)
13:51:58.010  INFO 10332 --- [main] o.apache.catalina.core.StandardService   : Starting service [Tomcat]
13:51:58.010  INFO 10332 --- [main] org.apache.catalina.core.StandardEngine  : Starting Servlet engine: [Apache Tomcat/9.0.64]
13:51:58.210  INFO 10332 --- [main] o.a.c.c.C.[Tomcat].[localhost].[/]       : Initializing Spring embedded WebApplicationContext
13:51:58.211  INFO 10332 --- [main] w.s.c.ServletWebServerApplicationContext : Root WebApplicationContext: initialization completed in 1629 ms
13:51:58.723  WARN 10332 --- [main] .s.s.UserDetailsServiceAutoConfiguration : 

Using generated security password: 99aef801-7c5f-4973-95fb-fba16f602837

This generated password is for development use only. Your security configuration must be updated before running your application in production.

13:51:58.875  INFO 10332 --- [main] o.s.s.web.DefaultSecurityFilterChain     : Will secure any request with [org.springframework.security.web.session.DisableEncodeUrlFilter@44592c39, org.springframework.security.web.context.request.async.WebAsyncManagerIntegrationFilter@2a87ba34, org.springframework.security.web.context.SecurityContextPersistenceFilter@4971f459, org.springframework.security.web.header.HeaderWriterFilter@415d88de, org.springframework.security.web.csrf.CsrfFilter@61149fa5, org.springframework.security.web.authentication.logout.LogoutFilter@7a083b96, org.springframework.security.web.authentication.UsernamePasswordAuthenticationFilter@73e776b7, org.springframework.security.web.authentication.ui.DefaultLoginPageGeneratingFilter@5ac53c06, org.springframework.security.web.authentication.ui.DefaultLogoutPageGeneratingFilter@34d480b9, org.springframework.security.web.authentication.www.BasicAuthenticationFilter@42ed89da, org.springframework.security.web.savedrequest.RequestCacheAwareFilter@2eada095, org.springframework.security.web.servletapi.SecurityContextHolderAwareRequestFilter@52831a73, org.springframework.security.web.authentication.AnonymousAuthenticationFilter@6b415f5f, org.springframework.security.web.session.SessionManagementFilter@4a89ef44, org.springframework.security.web.access.ExceptionTranslationFilter@1cb9ef52, org.springframework.security.web.access.intercept.FilterSecurityInterceptor@629e8212]
13:51:59.951  INFO 10332 --- [main] o.s.b.w.embedded.tomcat.TomcatWebServer  : Tomcat started on port(s): 8004 (http) with context path ''
13:52:01.151  INFO 10332 --- [main] c.d.m.MsvArchetypeApplication            : Started MsvArchetypeApplication in 7.483 seconds (JVM running for 10.925)
13:52:04.629  INFO 10332 --- [RMI TCP Connection(2)-127.0.0.1] inMXBeanRegistrar$SpringApplicationAdmin : Application shutdown requested.
13:54:19.913  INFO 21604 --- [main] c.d.m.MsvArchetypeApplication            : Starting MsvArchetypeApplication using Java 11.0.12 on CPX-ZE7F7ZBV6VV with PID 21604 (C:\Users\daniele.nanfro\Documents\myRepo\cloudnative\msv-archetype\target\classes started by daniele.nanfro in C:\Users\daniele.nanfro\Documents\myRepo\cloudnative\msv-archetype)
13:54:19.920  INFO 21604 --- [main] c.d.m.MsvArchetypeApplication            : No active profile set, falling back to 1 default profile: "default"
13:54:22.211  INFO 21604 --- [main] o.s.cloud.context.scope.GenericScope     : BeanFactory id=2f326c07-adf7-3f39-b186-def0d4b4bf51
13:54:22.874  INFO 21604 --- [main] o.s.b.w.embedded.tomcat.TomcatWebServer  : Tomcat initialized with port(s): 8004 (http)
13:54:22.903  INFO 21604 --- [main] o.apache.catalina.core.StandardService   : Starting service [Tomcat]
13:54:22.904  INFO 21604 --- [main] org.apache.catalina.core.StandardEngine  : Starting Servlet engine: [Apache Tomcat/9.0.64]
13:54:23.250  INFO 21604 --- [main] o.a.c.c.C.[Tomcat].[localhost].[/]       : Initializing Spring embedded WebApplicationContext
13:54:23.251  INFO 21604 --- [main] w.s.c.ServletWebServerApplicationContext : Root WebApplicationContext: initialization completed in 3232 ms
13:54:24.028  WARN 21604 --- [main] .s.s.UserDetailsServiceAutoConfiguration : 

Using generated security password: 4577d9fb-0056-4205-aeda-2123a3b2b49d

This generated password is for development use only. Your security configuration must be updated before running your application in production.

13:54:24.262  INFO 21604 --- [main] o.s.s.web.DefaultSecurityFilterChain     : Will secure any request with [org.springframework.security.web.session.DisableEncodeUrlFilter@64518270, org.springframework.security.web.context.request.async.WebAsyncManagerIntegrationFilter@3b7c58e7, org.springframework.security.web.context.SecurityContextPersistenceFilter@72028a45, org.springframework.security.web.header.HeaderWriterFilter@4dfdfe7d, org.springframework.security.web.csrf.CsrfFilter@93501be, org.springframework.security.web.authentication.logout.LogoutFilter@4f7be6c8, org.springframework.security.web.authentication.UsernamePasswordAuthenticationFilter@30bbcf91, org.springframework.security.web.authentication.ui.DefaultLoginPageGeneratingFilter@a54acec, org.springframework.security.web.authentication.ui.DefaultLogoutPageGeneratingFilter@79627d27, org.springframework.security.web.authentication.www.BasicAuthenticationFilter@eed890d, org.springframework.security.web.savedrequest.RequestCacheAwareFilter@7b222230, org.springframework.security.web.servletapi.SecurityContextHolderAwareRequestFilter@364b1061, org.springframework.security.web.authentication.AnonymousAuthenticationFilter@6371cf2f, org.springframework.security.web.session.SessionManagementFilter@f613067, org.springframework.security.web.access.ExceptionTranslationFilter@88b76f2, org.springframework.security.web.access.intercept.FilterSecurityInterceptor@2bb62414]
13:54:25.923  INFO 21604 --- [main] o.s.b.w.embedded.tomcat.TomcatWebServer  : Tomcat started on port(s): 8004 (http) with context path ''
13:54:27.363  INFO 21604 --- [main] c.d.m.MsvArchetypeApplication            : Started MsvArchetypeApplication in 10.982 seconds (JVM running for 13.916)
13:54:31.060  INFO 21604 --- [RMI TCP Connection(2)-127.0.0.1] inMXBeanRegistrar$SpringApplicationAdmin : Application shutdown requested.
14:10:15.033  INFO 3728 --- [main] c.d.m.MsvArchetypeApplicationTests       : Starting MsvArchetypeApplicationTests using Java 11.0.12 on CPX-ZE7F7ZBV6VV with PID 3728 (started by daniele.nanfro in C:\Users\daniele.nanfro\Documents\myRepo\cloudnative\msv-archetype)
14:10:15.040  INFO 3728 --- [main] c.d.m.MsvArchetypeApplicationTests       : No active profile set, falling back to 1 default profile: "default"
14:10:16.442  INFO 3728 --- [main] o.s.c.a.ConfigurationClassParser         : Properties location [classpath:microservice.yml] not resolvable: class path resource [microservice.yml] cannot be opened because it does not exist
14:10:16.446  INFO 3728 --- [main] o.s.c.a.ConfigurationClassParser         : Properties location [file:/conf/microservice.yml] not resolvable: \conf\microservice.yml (The system cannot find the path specified)
14:10:16.448  INFO 3728 --- [main] o.s.c.a.ConfigurationClassParser         : Properties location [file:c:/conf/microservice.yml] not resolvable: c:\conf\microservice.yml (The system cannot find the path specified)
14:10:19.654  INFO 3728 --- [main] o.s.cloud.context.scope.GenericScope     : BeanFactory id=95ffcf23-0c91-3ea1-b128-c4a21255e8a4
14:10:24.937  INFO 3728 --- [main] o.s.s.web.DefaultSecurityFilterChain     : Will secure any request with [org.springframework.security.web.session.DisableEncodeUrlFilter@1983b48a, org.springframework.security.web.context.request.async.WebAsyncManagerIntegrationFilter@629a9f26, org.springframework.security.web.context.SecurityContextPersistenceFilter@4a50d04a, org.springframework.security.web.header.HeaderWriterFilter@1c57f6b2, org.springframework.security.web.authentication.logout.LogoutFilter@307e4c44, org.springframework.security.web.authentication.www.BasicAuthenticationFilter@3d40a3b4, org.springframework.security.web.savedrequest.RequestCacheAwareFilter@3d620a1, org.springframework.security.web.servletapi.SecurityContextHolderAwareRequestFilter@4f486211, org.springframework.security.web.authentication.AnonymousAuthenticationFilter@b791a81, org.springframework.security.web.session.SessionManagementFilter@6d672bd4, org.springframework.security.web.access.ExceptionTranslationFilter@3281dfc2, org.springframework.security.web.access.intercept.FilterSecurityInterceptor@7bbfc5ff]
14:10:31.518  INFO 3728 --- [main] c.d.m.MsvArchetypeApplicationTests       : Started MsvArchetypeApplicationTests in 21.611 seconds (JVM running for 25.508)
14:11:21.488  INFO 9172 --- [main] c.d.m.MsvArchetypeApplication            : Starting MsvArchetypeApplication using Java 11.0.12 on CPX-ZE7F7ZBV6VV with PID 9172 (C:\Users\daniele.nanfro\Documents\myRepo\cloudnative\msv-archetype\target\classes started by daniele.nanfro in C:\Users\daniele.nanfro\Documents\myRepo\cloudnative\msv-archetype)
14:11:21.494  INFO 9172 --- [main] c.d.m.MsvArchetypeApplication            : No active profile set, falling back to 1 default profile: "default"
14:11:21.826  INFO 9172 --- [main] o.s.c.a.ConfigurationClassParser         : Properties location [classpath:microservice.yml] not resolvable: class path resource [microservice.yml] cannot be opened because it does not exist
14:11:21.827  INFO 9172 --- [main] o.s.c.a.ConfigurationClassParser         : Properties location [file:/conf/microservice.yml] not resolvable: \conf\microservice.yml (The system cannot find the path specified)
14:11:21.829  INFO 9172 --- [main] o.s.c.a.ConfigurationClassParser         : Properties location [file:c:/conf/microservice.yml] not resolvable: c:\conf\microservice.yml (The system cannot find the path specified)
14:11:22.744  INFO 9172 --- [main] o.s.cloud.context.scope.GenericScope     : BeanFactory id=53d40321-c175-3b9e-a8f5-7de8847d67cb
14:11:23.099  INFO 9172 --- [main] o.s.b.w.embedded.tomcat.TomcatWebServer  : Tomcat initialized with port(s): 8004 (http)
14:11:23.109  INFO 9172 --- [main] o.apache.catalina.core.StandardService   : Starting service [Tomcat]
14:11:23.110  INFO 9172 --- [main] org.apache.catalina.core.StandardEngine  : Starting Servlet engine: [Apache Tomcat/9.0.64]
14:11:23.276  INFO 9172 --- [main] o.a.c.c.C.[Tomcat].[localhost].[/]       : Initializing Spring embedded WebApplicationContext
14:11:23.276  INFO 9172 --- [main] w.s.c.ServletWebServerApplicationContext : Root WebApplicationContext: initialization completed in 1706 ms
14:11:23.761  INFO 9172 --- [main] o.s.s.web.DefaultSecurityFilterChain     : Will secure any request with [org.springframework.security.web.session.DisableEncodeUrlFilter@15a3b42, org.springframework.security.web.context.request.async.WebAsyncManagerIntegrationFilter@52c9d3d0, org.springframework.security.web.context.SecurityContextPersistenceFilter@5c134052, org.springframework.security.web.header.HeaderWriterFilter@26865482, org.springframework.security.web.authentication.logout.LogoutFilter@602f8f94, org.springframework.security.web.authentication.www.BasicAuthenticationFilter@e3b0369, org.springframework.security.web.savedrequest.RequestCacheAwareFilter@750f64fe, org.springframework.security.web.servletapi.SecurityContextHolderAwareRequestFilter@996a546, org.springframework.security.web.authentication.AnonymousAuthenticationFilter@17207f5b, org.springframework.security.web.session.SessionManagementFilter@67fa5045, org.springframework.security.web.access.ExceptionTranslationFilter@773014d3, org.springframework.security.web.access.intercept.FilterSecurityInterceptor@32091c14]
14:11:24.894  INFO 9172 --- [main] o.s.b.w.embedded.tomcat.TomcatWebServer  : Tomcat started on port(s): 8004 (http) with context path ''
14:11:25.634  INFO 9172 --- [main] c.d.m.MsvArchetypeApplication            : Started MsvArchetypeApplication in 5.775 seconds (JVM running for 7.831)
14:11:40.936  INFO 9172 --- [http-nio-8004-exec-1] o.a.c.c.C.[Tomcat].[localhost].[/]       : Initializing Spring DispatcherServlet 'dispatcherServlet'
14:11:40.937  INFO 9172 --- [http-nio-8004-exec-1] o.s.web.servlet.DispatcherServlet        : Initializing Servlet 'dispatcherServlet'
14:11:40.941  INFO 9172 --- [http-nio-8004-exec-1] o.s.web.servlet.DispatcherServlet        : Completed initialization in 2 ms
